make.exe all --print-data-base --no-builtin-variables --no-builtin-rules --question
# GNU Make 4.3
# Built for x86_64-pc-msys
# Copyright (C) 1988-2020 Free Software Foundation, Inc.
# License GPLv3+: GNU GPL version 3 or later <http://gnu.org/licenses/gpl.html>
# This is free software: you are free to change and redistribute it.
# There is NO WARRANTY, to the extent permitted by law.

# Make data base, printed on Thu Feb 24 17:39:18 2022

# Variables

# environment
FPS_BROWSER_APP_PROFILE_STRING = Internet Explorer
# environment
SYSTEMDRIVE = C:
# environment
JAVA_HOME = C:\Program Files\AdoptOpenJDK\jre-8.0.282.8-hotspot\
# environment
LC_ALL = C
# environment
USERPROFILE = C:\Users\rbeaubois-admin
# environment
LOCALAPPDATA = C:\Users\rbeaubois-admin\AppData\Local
# environment
VSCODE_IPC_HOOK_EXTHOST = \\.\pipe\vscode-ipc-139b1f26-d82c-4b17-bbe8-d19382a14c42-sock
# environment
VSCODE_CWD = C:\PhD\Projects\Guidelines
# environment
SYSTEMROOT = C:\WINDOWS
# environment
PROCESSOR_LEVEL = 6
# environment
PSMODULEPATH = C:\Program Files\WindowsPowerShell\Modules;C:\WINDOWS\system32\WindowsPowerShell\v1.0\Modules
# default
MAKE_COMMAND := make
# automatic
@D = $(patsubst %/,%,$(dir $@))
# environment
CHROME_CRASHPAD_PIPE_NAME = \\.\pipe\crashpad_16776_YIKLYANUVRQELJEV
# environment
FPS_BROWSER_USER_PROFILE_STRING = Default
# environment
VSCODE_HANDLES_UNCAUGHT_ERRORS = true
# default
.VARIABLES := 
# automatic
%D = $(patsubst %/,%,$(dir $%))
# automatic
^D = $(patsubst %/,%,$(dir $^))
# environment
VSCODE_LOG_STACK = false
# automatic
%F = $(notdir $%)
# environment
VSCODE_CODE_CACHE_PATH = C:\Users\rbeaubois-admin\AppData\Roaming\Code\CachedData\f80445acd5a3dadef24aa209168452a3d97cc326
# environment
LANG = C
# default
.LOADED := 
# environment
TMP = /cygdrive/c/Users/RBEAUB~2/AppData/Local/Temp
# makefile
MAKEFLAGS = pqrR
# environment
ONEDRIVE = C:\Users\rbeaubois-admin\OneDrive
# makefile (from 'Makefile', line 8)
SOURCEDIR = source
# makefile
CURDIR := /cygdrive/c/PhD/Projects/Guidelines
# environment
VSCODE_PIPE_LOGGING = true
# environment
APPLICATION_INSIGHTS_NO_DIAGNOSTIC_CHANNEL = 1
# automatic
*D = $(patsubst %/,%,$(dir $*))
# environment
PROGRAMFILES = C:\Program Files
# environment
MFLAGS = -pqrR
# default
.SHELLFLAGS := -c
# environment
!C: = c:\PhD\Projects\Guidelines
# environment
NEURONHOME = c:\nrn
# environment
COMMONPROGRAMW6432 = C:\Program Files\Common Files
# automatic
+D = $(patsubst %/,%,$(dir $+))
# makefile (from 'Makefile', line 1)
MAKEFILE_LIST := Makefile
# makefile (from 'Makefile', line 10)
DOCS = ./docs
# automatic
@F = $(notdir $@)
# environment
VSCODE_VERBOSE_LOGGING = true
# environment
VSCODE_PID = 16776
# automatic
?D = $(patsubst %/,%,$(dir $?))
# automatic
*F = $(notdir $*)
# automatic
<D = $(patsubst %/,%,$(dir $<))
# environment
VSCODE_NLS_CONFIG = {"locale":"fr","availableLanguages":{"*":"fr"},"_languagePackId":"8b52e95f1f720b04e73e055c4640de39.fr","_translationsConfigFile":"C:\\Users\\rbeaubois-admin\\AppData\\Roaming\\Code\\clp\\8b52e95f1f720b04e73e055c4640de39.fr\\tcf.json","_cacheRoot":"C:\\Users\\rbeaubois-admin\\AppData\\Roaming\\Code\\clp\\8b52e95f1f720b04e73e055c4640de39.fr","_resolvedLanguagePackCoreLocation":"C:\\Users\\rbeaubois-admin\\AppData\\Roaming\\Code\\clp\\8b52e95f1f720b04e73e055c4640de39.fr\\f80445acd5a3dadef24aa209168452a3d97cc326","_corruptedFile":"C:\\Users\\rbeaubois-admin\\AppData\\Roaming\\Code\\clp\\8b52e95f1f720b04e73e055c4640de39.fr\\corrupted.info","_languagePackSupport":true}
# default
MAKE_HOST := x86_64-pc-msys
# environment
PROGRAMDATA = C:\ProgramData
# default
SHELL := /bin/sh
# environment
HOMEPATH = \Users\rbeaubois-admin
# environment
PLATFORMIO_CALLER = vscode
# default
MAKECMDGOALS := all
# environment
DRIVERDATA = C:\Windows\System32\Drivers\DriverData
# environment
COMSPEC = C:\WINDOWS\system32\cmd.exe
# environment
WINDIR = C:\WINDOWS
# environment
MAKELEVEL := 0
# default
MAKE = $(MAKE_COMMAND)
# environment
PATH = /cygdrive/c/Program Files/Python39/Scripts:/cygdrive/c/Program Files/Python39:/cygdrive/c/Program Files/AdoptOpenJDK/jre-8.0.282.8-hotspot/bin:/cygdrive/c/windows/system32:/cygdrive/c/windows:/cygdrive/c/windows/System32/Wbem:/cygdrive/c/windows/System32/WindowsPowerShell/v1.0:/cygdrive/c/windows/System32/OpenSSH:/cygdrive/c/Program Files (x86)/NVIDIA Corporation/PhysX/Common:/cygdrive/c/Program Files/MiKTeX/miktex/bin/x64:/cygdrive/c/Program Files/Polyspace/R2020b/runtime/win64:/cygdrive/c/Program Files/Polyspace/R2020b/bin:/cygdrive/c/Program Files/Polyspace/R2020b/polyspace/bin:/cygdrive/c/Program Files/Inkscape/bin:/cygdrive/c/Program Files (x86)/Ghdl/Bin:/cygdrive/c/Users/rbeaubois-admin/AppData/Roaming/Python/Python39/Scripts:/cygdrive/c/WINDOWS/system32:/cygdrive/c/WINDOWS:/cygdrive/c/WINDOWS/System32/Wbem:/cygdrive/c/WINDOWS/System32/WindowsPowerShell/v1.0:/cygdrive/c/WINDOWS/System32/OpenSSH:C:/cygdrive/c/Strawberry/c/bin:/cygdrive/c/Strawberry/perl/site/bin:/cygdrive/c/Strawberry/perl/bin:/cygdrive/c/Program Files/Git LFS:/cygdrive/c/Users/rbeaubois-admin/AppData/Local/Microsoft/WindowsApps:/cygdrive/c/Program Files/Python39:/cygdrive/c/Program Files/Python39/Scripts:/cygdrive/c/nrn/bin:/usr/bin:/cygdrive/c/Users/rbeaubois-admin/AppData/Local/Programs/Microsoft VS Code/bin
# environment
ZES_ENABLE_SYSMAN = 1
# environment
COMPUTERNAME = D7550SS
# default
MAKEFILES := 
# makefile (from 'Makefile', line 7)
SPHINXBUILD = sphinx-build
# automatic
^F = $(notdir $^)
# environment
PROMPT = $P$G
# environment
KICAD_SYMBOL_DIR = C:\Program Files\KiCad\share\kicad\library
# environment
LOGONSERVER = \\D7550SS
# environment
VSCODE_LOG_NATIVE = false
# environment
USERNAME = rbeaubois-admin
# environment
COMMONPROGRAMFILES = C:\Program Files\Common Files
# automatic
?F = $(notdir $?)
# environment
PROGRAMW6432 = C:\Program Files
# environment
KISYSMOD = C:\Program Files\KiCad\share\kicad\modules
# environment
NO_PROXY = 127.0.0.1
# environment
PATHEXT = .COM;.EXE;.BAT;.CMD;.VBS;.VBE;.JS;.JSE;.WSF;.WSH;.MSC;.PY;.PYW
# automatic
+F = $(notdir $+)
# environment
ORIGINAL_XDG_CURRENT_DESKTOP = undefined
# environment
USERDOMAIN = D7550SS
# 'override' directive
GNUMAKEFLAGS := 
# environment
GIT_LFS_PATH = C:\Program Files\Git LFS
# environment
OS = Windows_NT
# environment
PLATFORMIO_PATH = C:\Users\rbeaubois-admin\.platformio\python3;C:\Program Files\Python39\Scripts\;C:\Program Files\Python39\;C:\Program Files\AdoptOpenJDK\jre-8.0.282.8-hotspot\bin;C:\windows\system32;C:\windows;C:\windows\System32\Wbem;C:\windows\System32\WindowsPowerShell\v1.0\;C:\windows\System32\OpenSSH\;C:\Program Files (x86)\NVIDIA Corporation\PhysX\Common;C:\Program Files\MiKTeX\miktex\bin\x64\;C:\Program Files\Polyspace\R2020b\runtime\win64;C:\Program Files\Polyspace\R2020b\bin;C:\Program Files\Polyspace\R2020b\polyspace\bin;C:\Program Files\Inkscape\bin;C:\Program Files (x86)\Ghdl\Bin;C:\Users\rbeaubois-admin\AppData\Roaming\Python\Python39\Scripts\;;C:\WINDOWS\system32;C:\WINDOWS;C:\WINDOWS\System32\Wbem;C:\WINDOWS\System32\WindowsPowerShell\v1.0\;C:\WINDOWS\System32\OpenSSH\;C;C:\Strawberry\c\bin;C:\Strawberry\perl\site\bin;C:\Strawberry\perl\bin;C:\Program Files\Git LFS;C:\Users\rbeaubois-admin\AppData\Local\Microsoft\WindowsApps;C:\Program Files\Python39\;C:\Program Files\Python39\Scripts\;c:\nrn\bin;c:\nrn\mingw\usr\bin;C:\Users\rbeaubois-admin\AppData\Local\Programs\Microsoft VS Code\bin;C:\Program Files\Python39\Scripts\;C:\Program Files\Python39\;C:\Program Files\AdoptOpenJDK\jre-8.0.282.8-hotspot\bin;C:\windows\system32;C:\windows;C:\windows\System32\Wbem;C:\windows\System32\WindowsPowerShell\v1.0\;C:\windows\System32\OpenSSH\;C:\Program Files (x86)\NVIDIA Corporation\PhysX\Common;C:\Program Files\MiKTeX\miktex\bin\x64\;C:\Program Files\Polyspace\R2020b\runtime\win64;C:\Program Files\Polyspace\R2020b\bin;C:\Program Files\Polyspace\R2020b\polyspace\bin;C:\Program Files\Inkscape\bin;C:\Program Files (x86)\Ghdl\Bin;C:\Users\rbeaubois-admin\AppData\Roaming\Python\Python39\Scripts\;;C:\WINDOWS\system32;C:\WINDOWS;C:\WINDOWS\System32\Wbem;C:\WINDOWS\System32\WindowsPowerShell\v1.0\;C:\WINDOWS\System32\OpenSSH\;C;C:\Strawberry\c\bin;C:\Strawberry\perl\site\bin;C:\Strawberry\perl\bin;C:\Program Files\Git LFS;C:\Users\rbeaubois-admin\AppData\Local\Microsoft\WindowsApps;C:\Program Files\Python39\;C:\Program Files\Python39\Scripts\;c:\nrn\bin;c:\nrn\mingw\usr\bin;C:\Users\rbeaubois-admin\AppData\Local\Programs\Microsoft VS Code\bin
# makefile
.DEFAULT_GOAL := help
# default
MAKE_VERSION := 4.3
# environment
PROGRAMFILES(X86) = C:\Program Files (x86)
# makefile (from 'Makefile', line 6)
SPHINXOPTS = 
# environment
USERDOMAIN_ROAMINGPROFILE = D7550SS
# environment
NUMBER_OF_PROCESSORS = 16
# environment
PUBLIC = C:\Users\Public
# environment
KICAD_TEMPLATE_DIR = C:\Program Files\KiCad\share\kicad\template
# environment
PYTHONPATH = c:\nrn\lib\python
# environment
APPDATA = C:\Users\rbeaubois-admin\AppData\Roaming
# environment
HOMEDRIVE = C:
# environment
PROCESSOR_ARCHITECTURE = AMD64
# environment
VSCODE_AMD_ENTRYPOINT = vs/workbench/services/extensions/node/extensionHostProcess
# environment
PLATFORMIO_IDE = 2.4.2
# environment
HOME = /home/rbeaubois-admin
# environment
COMMONPROGRAMFILES(X86) = C:\Program Files (x86)\Common Files
# environment
ELECTRON_RUN_AS_NODE = 1
# environment
TEMP = /cygdrive/c/Users/RBEAUB~2/AppData/Local/Temp
# environment
VSCODE_IPC_HOOK = \\.\pipe\a6cd235d42a3cc6e6d971683dcee983a-1.64.2-main-sock
# environment
TERM = xterm-256color
# default
.RECIPEPREFIX := 
# automatic
<F = $(notdir $<)
# default
SUFFIXES := 
# environment
ALLUSERSPROFILE = C:\ProgramData
# environment
SESSIONNAME = Console
# environment
KISYS3DMOD = C:\Program Files\KiCad\share\kicad\modules\packages3d
# default
.FEATURES := target-specific order-only second-expansion else-if shortest-stem undefine oneshell nocomment grouped-target extra-prereqs archives jobserver output-sync check-symlink load
# environment
PROCESSOR_REVISION = a502
# makefile (from 'Makefile', line 9)
BUILDDIR = build
# environment
PROCESSOR_IDENTIFIER = Intel64 Family 6 Model 165 Stepping 2, GenuineIntel
# variable set hash-table stats:
# Load=113/1024=11%, Rehash=0, Collisions=15/147=10%

# Pattern-specific Variable Values

# No pattern-specific variable values.

# Directories

# . (device 2894309457, inode 4503599627465573): 11 files, no impossibilities.

# 11 files, no impossibilities in 1 directories.

# Implicit Rules

%: Makefile
#  recipe to execute (from 'Makefile', line 30):
	@$(SPHINXBUILD) -M $@ "$(SOURCEDIR)" "$(BUILDDIR)" $(SPHINXOPTS) $(O)

# 1 implicit rules, 0 (0.0%) terminal.
# Files

Makefile:
#  Phony target (prerequisite of .PHONY).
#  Implicit rule search has not been done.
#  File does not exist.
#  File has been updated.
#  Successfully updated.

# Not a target:
.DEFAULT:
#  Implicit rule search has not been done.
#  Modification time never checked.
#  File has not been updated.

all: Makefile
#  Command line target.
#  Implicit rule search has been done.
#  Implicit/static pattern stem: 'all'
#  File does not exist.
#  File has been updated.
#  Needs to be updated (-q is set).
# automatic
# @ := all
# automatic
# * := all
# automatic
# < := Makefile
# automatic
# + := Makefile
# automatic
# % := 
# automatic
# ^ := Makefile
# automatic
# ? := Makefile
# automatic
# | := 
# variable set hash-table stats:
# Load=8/32=25%, Rehash=0, Collisions=5/17=29%
#  recipe to execute (from 'Makefile', line 30):
	@$(SPHINXBUILD) -M $@ "$(SOURCEDIR)" "$(BUILDDIR)" $(SPHINXOPTS) $(O)

help:
#  Phony target (prerequisite of .PHONY).
#  Implicit rule search has not been done.
#  File does not exist.
#  File has not been updated.
#  recipe to execute (from 'Makefile', line 14):
	@$(SPHINXBUILD) -M help "$(SOURCEDIR)" "$(BUILDDIR)" $(SPHINXOPTS) $(O)

github:
#  Implicit rule search has not been done.
#  Modification time never checked.
#  File has not been updated.
#  recipe to execute (from 'Makefile', line 21):
	rm -rf "$(BUILDDIR)"
	make html
	cp -r "$(BUILDDIR)/html/." "$(DOCS)"
	echo $ >> "$(DOCS)/.nojekyll"

.PHONY: help Makefile
#  Implicit rule search has not been done.
#  Modification time never checked.
#  File has not been updated.

# files hash-table stats:
# Load=7/1024=1%, Rehash=0, Collisions=0/22=0%
# VPATH Search Paths

# No 'vpath' search paths.

# No general ('VPATH' variable) search path.

# strcache buffers: 1 (0) / strings = 18 / storage = 119 B / avg = 6 B
# current buf: size = 8162 B / used = 119 B / count = 18 / avg = 6 B

# strcache performance: lookups = 30 / hit rate = 40%
# hash-table stats:
# Load=18/8192=0%, Rehash=0, Collisions=0/30=0%
# Finished Make data base on Thu Feb 24 17:39:18 2022

 
